[08/11/2022 22:12:58] Debug: Session id: 8fe31e0e-a1aa-45f8-8835-bc7979d0271d
[08/11/2022 22:12:58] Debug: Code Processor information: Name :SnowConvert, Version: 7.11.70.0
[08/11/2022 22:12:59] Debug: Getting license
[08/11/2022 22:12:59] Debug: License information
	Status: Failed
	Message: No active license available.
[08/11/2022 22:12:59] Info: Starting to validate parameters
[08/11/2022 22:12:59] Info: Parameters to validate: 
	Execution mode: Conversion
	LICENSE_KEY: a3372138-b87e-4a08-b929-3b48b24c63f1
[08/11/2022 22:12:59] Info: Validation of parameters: Success
[08/11/2022 22:12:59] Debug: Getting code descriptor
[08/11/2022 22:12:59] Debug: Code descriptor information
	Units: 51
	Units type: LOC
	All file bytes: 2141
	All found extensions: .sql,.dml,.ddl,.bteq,.btq,.fl,.fload,.ml,.mload,.mld,.tp,.tpump,.tpt
[08/11/2022 22:12:59] Debug: Calculating fingerprint
[08/11/2022 22:12:59] Debug: Fingerprint information Fingerprint(size=2141,projects=1)
[08/11/2022 22:12:59] Info: Starting to try to validate online license for execution
[08/11/2022 22:13:00] Debug: Getting license
[08/11/2022 22:13:00] Debug: License information
	Status: Failed
	Message: No active license available.
[08/11/2022 22:13:00] Debug: Starting the execution of the controller
[08/11/2022 22:13:01] Debug: Executing the worker: SnowConvert
[08/11/2022 22:13:14] Debug: Finished executing the worker: SnowConvert
[08/11/2022 22:13:16] Info: Controller execution ended
